<?xml version="1.0" encoding="UTF-8"?>
<testng-results skipped="0" failed="0" ignored="0" total="1" passed="1">
  <reporter-output>
  </reporter-output>
  <suite name="Surefire suite" duration-ms="66" started-at="2020-08-28T14:27:58 IST" finished-at="2020-08-28T14:27:58 IST">
    <groups>
    </groups>
    <test name="Surefire test" duration-ms="66" started-at="2020-08-28T14:27:58 IST" finished-at="2020-08-28T14:27:58 IST">
      <class name="org.wf.rest.restTestFrm.AppTest">
        <test-method status="PASS" signature="shouldAnswerWithTrue()" name="shouldAnswerWithTrue" duration-ms="9" started-at="2020-08-28T14:27:58 IST" finished-at="2020-08-28T14:27:58 IST">
          <reporter-output>
          </reporter-output>
        </test-method> <!-- shouldAnswerWithTrue -->
      </class> <!-- org.wf.rest.restTestFrm.AppTest -->
    </test> <!-- Surefire test -->
  </suite> <!-- Surefire suite -->
</testng-results>
